 * Running on http://127.0.0.1:5000/ (Press CTRL+C to quit)
 * Restarting with stat
 * Debugger is active!
 * Debugger PIN: 339-183-965
python: can't open file 'manger.py': [Errno 2] No such file or directory
 * Running on http://127.0.0.1:5000/ (Press CTRL+C to quit)
 * Restarting with stat
 * Debugger is active!
 * Debugger PIN: 339-183-965
127.0.0.1 - - [05/Mar/2018 12:54:15] "GET / HTTP/1.0" 302 -
127.0.0.1 - - [05/Mar/2018 16:10:28] "GET /blog/index HTTP/1.0" 200 -
127.0.0.1 - - [05/Mar/2018 17:22:35] "GET / HTTP/1.0" 302 -
127.0.0.1 - - [05/Mar/2018 17:22:48] "GET /blog/index HTTP/1.0" 200 -
127.0.0.1 - - [05/Mar/2018 17:23:31] "GET / HTTP/1.0" 302 -
127.0.0.1 - - [05/Mar/2018 17:24:59] "GET / HTTP/1.0" 302 -
127.0.0.1 - - [05/Mar/2018 17:25:01] "GET / HTTP/1.0" 302 -
127.0.0.1 - - [05/Mar/2018 17:25:02] "GET / HTTP/1.0" 302 -
127.0.0.1 - - [05/Mar/2018 17:25:02] "GET / HTTP/1.0" 302 -
127.0.0.1 - - [05/Mar/2018 17:46:46] "GET / HTTP/1.0" 302 -
127.0.0.1 - - [05/Mar/2018 17:50:01] "GET / HTTP/1.0" 302 -
127.0.0.1 - - [05/Mar/2018 17:50:02] "GET /blog/index HTTP/1.0" 200 -
127.0.0.1 - - [05/Mar/2018 17:50:02] "GET /blog/static/css/font-awesome.min.css HTTP/1.0" 200 -
127.0.0.1 - - [05/Mar/2018 17:50:02] "GET /blog/static/css/style.css HTTP/1.0" 200 -
127.0.0.1 - - [05/Mar/2018 17:50:02] "GET /blog/static/css/highlight/monokai-sublime.css HTTP/1.0" 200 -
127.0.0.1 - - [05/Mar/2018 17:50:02] "GET /blog/static/favicon.ico HTTP/1.0" 200 -
127.0.0.1 - - [05/Mar/2018 17:50:02] "GET /blog/static/js/init.js HTTP/1.0" 200 -
127.0.0.1 - - [05/Mar/2018 17:50:02] "GET /blog/static/js/lazysizes.min.js HTTP/1.0" 200 -
127.0.0.1 - - [05/Mar/2018 17:50:02] "GET /blog/static/js/highlight.pack.js HTTP/1.0" 200 -
127.0.0.1 - - [05/Mar/2018 17:50:02] "GET /admin/static/image/emoji/laughing.png HTTP/1.0" 200 -
127.0.0.1 - - [05/Mar/2018 17:50:02] "GET /admin/static/image/emoji/smile.png HTTP/1.0" 200 -
127.0.0.1 - - [05/Mar/2018 17:50:02] "GET /blog/static/cubes.png HTTP/1.0" 200 -
127.0.0.1 - - [05/Mar/2018 17:50:02] "GET /blog/static/fonts/fontawesome-webfont.woff2?v=4.7.0 HTTP/1.0" 200 -
127.0.0.1 - - [05/Mar/2018 22:28:04] "GET / HTTP/1.0" 302 -
127.0.0.1 - - [05/Mar/2018 22:28:04] "GET /blog/index HTTP/1.0" 200 -
127.0.0.1 - - [05/Mar/2018 22:28:04] "GET /blog/static/css/font-awesome.min.css HTTP/1.0" 200 -
127.0.0.1 - - [05/Mar/2018 22:28:04] "GET /blog/static/css/style.css HTTP/1.0" 200 -
127.0.0.1 - - [05/Mar/2018 22:28:04] "GET /blog/static/css/highlight/monokai-sublime.css HTTP/1.0" 200 -
127.0.0.1 - - [05/Mar/2018 22:28:05] "GET /blog/static/js/lazysizes.min.js HTTP/1.0" 200 -
127.0.0.1 - - [05/Mar/2018 22:28:05] "GET /blog/static/js/highlight.pack.js HTTP/1.0" 200 -
127.0.0.1 - - [05/Mar/2018 22:28:05] "GET /blog/static/js/init.js HTTP/1.0" 200 -
127.0.0.1 - - [05/Mar/2018 22:28:05] "GET /blog/static/favicon.ico HTTP/1.0" 200 -
127.0.0.1 - - [05/Mar/2018 22:28:05] "GET /admin/static/image/emoji/smile.png HTTP/1.0" 200 -
127.0.0.1 - - [05/Mar/2018 22:28:05] "GET /admin/static/image/emoji/laughing.png HTTP/1.0" 200 -
127.0.0.1 - - [05/Mar/2018 22:28:06] "GET /blog/static/fonts/fontawesome-webfont.woff2?v=4.7.0 HTTP/1.0" 200 -
127.0.0.1 - - [05/Mar/2018 22:28:06] "GET /blog/static/cubes.png HTTP/1.0" 200 -
127.0.0.1 - - [05/Mar/2018 22:28:33] "GET /blog/login.html HTTP/1.0" 404 -
127.0.0.1 - - [05/Mar/2018 22:28:33] "GET /favicon.ico HTTP/1.0" 404 -
127.0.0.1 - - [05/Mar/2018 22:28:44] "GET /blog/index HTTP/1.0" 200 -
127.0.0.1 - - [05/Mar/2018 22:28:44] "GET /blog/static/favicon.ico HTTP/1.0" 200 -
127.0.0.1 - - [06/Mar/2018 01:02:01] "GET / HTTP/1.0" 302 -
127.0.0.1 - - [06/Mar/2018 02:53:57] "GET / HTTP/1.0" 302 -
127.0.0.1 - - [06/Mar/2018 03:36:09] "GET /robots.txt HTTP/1.0" 404 -
127.0.0.1 - - [06/Mar/2018 03:36:10] "GET / HTTP/1.0" 302 -
127.0.0.1 - - [06/Mar/2018 03:36:11] "GET /blog/index HTTP/1.0" 200 -
127.0.0.1 - - [06/Mar/2018 03:36:14] "GET /blog/base.html HTTP/1.0" 404 -
127.0.0.1 - - [06/Mar/2018 03:36:16] "GET /blog/about HTTP/1.0" 200 -
127.0.0.1 - - [06/Mar/2018 03:36:19] "GET /blog/login HTTP/1.0" 200 -
127.0.0.1 - - [06/Mar/2018 03:36:22] "GET /blog/gallery HTTP/1.0" 200 -
127.0.0.1 - - [06/Mar/2018 03:36:24] "GET /blog/register HTTP/1.0" 200 -
127.0.0.1 - - [06/Mar/2018 03:36:27] "GET /blog/login.html HTTP/1.0" 404 -
127.0.0.1 - - [06/Mar/2018 03:36:30] "GET /blog/register.html HTTP/1.0" 404 -
127.0.0.1 - - [06/Mar/2018 03:36:34] "GET /blog/tag/C HTTP/1.0" 200 -
127.0.0.1 - - [06/Mar/2018 03:36:40] "GET /blog/tag/IOS HTTP/1.0" 500 -
Traceback (most recent call last):
  File "/opt/workspace/flask_blog/env/lib/python2.7/site-packages/flask/app.py", line 1997, in __call__
    return self.wsgi_app(environ, start_response)
  File "/opt/workspace/flask_blog/env/lib/python2.7/site-packages/flask/app.py", line 1985, in wsgi_app
    response = self.handle_exception(e)
  File "/opt/workspace/flask_blog/env/lib/python2.7/site-packages/flask/app.py", line 1540, in handle_exception
    reraise(exc_type, exc_value, tb)
  File "/opt/workspace/flask_blog/env/lib/python2.7/site-packages/flask/app.py", line 1982, in wsgi_app
    response = self.full_dispatch_request()
  File "/opt/workspace/flask_blog/env/lib/python2.7/site-packages/flask/app.py", line 1614, in full_dispatch_request
    rv = self.handle_user_exception(e)
  File "/opt/workspace/flask_blog/env/lib/python2.7/site-packages/flask/app.py", line 1512, in handle_user_exception
    return self.handle_http_exception(e)
  File "/opt/workspace/flask_blog/env/lib/python2.7/site-packages/flask/app.py", line 1471, in handle_http_exception
    return handler(e)
  File "/opt/workspace/flask_blog/flaskblog/blog/blog.py", line 176, in page_not_found
    return render_template('blog.404.html'),404
  File "/opt/workspace/flask_blog/env/lib/python2.7/site-packages/flask/templating.py", line 134, in render_template
    context, ctx.app)
  File "/opt/workspace/flask_blog/env/lib/python2.7/site-packages/flask/templating.py", line 116, in _render
    rv = template.render(context)
  File "/opt/workspace/flask_blog/env/lib/python2.7/site-packages/jinja2/environment.py", line 1008, in render
    return self.environment.handle_exception(exc_info, True)
  File "/opt/workspace/flask_blog/env/lib/python2.7/site-packages/jinja2/environment.py", line 780, in handle_exception
    reraise(exc_type, exc_value, tb)
  File "/opt/workspace/flask_blog/flaskblog/blog/templates/404.html", line 1, in top-level template code
    {% extends "base.html" %}
TemplateNotFound: base.html
127.0.0.1 - - [06/Mar/2018 03:36:50] "GET /blog/tag/C++ HTTP/1.0" 200 -
127.0.0.1 - - [06/Mar/2018 03:36:51] "GET /blog/tag/Java HTTP/1.0" 200 -
127.0.0.1 - - [06/Mar/2018 03:36:56] "GET /blog/tag/Linux HTTP/1.0" 200 -
127.0.0.1 - - [06/Mar/2018 03:37:02] "GET /blog/tag/Nodejs HTTP/1.0" 500 -
Traceback (most recent call last):
  File "/opt/workspace/flask_blog/env/lib/python2.7/site-packages/flask/app.py", line 1997, in __call__
    return self.wsgi_app(environ, start_response)
  File "/opt/workspace/flask_blog/env/lib/python2.7/site-packages/flask/app.py", line 1985, in wsgi_app
    response = self.handle_exception(e)
  File "/opt/workspace/flask_blog/env/lib/python2.7/site-packages/flask/app.py", line 1540, in handle_exception
    reraise(exc_type, exc_value, tb)
  File "/opt/workspace/flask_blog/env/lib/python2.7/site-packages/flask/app.py", line 1982, in wsgi_app
    response = self.full_dispatch_request()
  File "/opt/workspace/flask_blog/env/lib/python2.7/site-packages/flask/app.py", line 1614, in full_dispatch_request
    rv = self.handle_user_exception(e)
  File "/opt/workspace/flask_blog/env/lib/python2.7/site-packages/flask/app.py", line 1512, in handle_user_exception
    return self.handle_http_exception(e)
  File "/opt/workspace/flask_blog/env/lib/python2.7/site-packages/flask/app.py", line 1471, in handle_http_exception
    return handler(e)
  File "/opt/workspace/flask_blog/flaskblog/blog/blog.py", line 176, in page_not_found
    return render_template('blog.404.html'),404
  File "/opt/workspace/flask_blog/env/lib/python2.7/site-packages/flask/templating.py", line 134, in render_template
    context, ctx.app)
  File "/opt/workspace/flask_blog/env/lib/python2.7/site-packages/flask/templating.py", line 116, in _render
    rv = template.render(context)
  File "/opt/workspace/flask_blog/env/lib/python2.7/site-packages/jinja2/environment.py", line 1008, in render
    return self.environment.handle_exception(exc_info, True)
  File "/opt/workspace/flask_blog/env/lib/python2.7/site-packages/jinja2/environment.py", line 780, in handle_exception
    reraise(exc_type, exc_value, tb)
  File "/opt/workspace/flask_blog/flaskblog/blog/templates/404.html", line 1, in top-level template code
    {% extends "base.html" %}
TemplateNotFound: base.html
127.0.0.1 - - [06/Mar/2018 03:37:12] "GET /blog/tag/Mac_OS HTTP/1.0" 500 -
Traceback (most recent call last):
  File "/opt/workspace/flask_blog/env/lib/python2.7/site-packages/flask/app.py", line 1997, in __call__
    return self.wsgi_app(environ, start_response)
  File "/opt/workspace/flask_blog/env/lib/python2.7/site-packages/flask/app.py", line 1985, in wsgi_app
    response = self.handle_exception(e)
  File "/opt/workspace/flask_blog/env/lib/python2.7/site-packages/flask/app.py", line 1540, in handle_exception
    reraise(exc_type, exc_value, tb)
  File "/opt/workspace/flask_blog/env/lib/python2.7/site-packages/flask/app.py", line 1982, in wsgi_app
    response = self.full_dispatch_request()
  File "/opt/workspace/flask_blog/env/lib/python2.7/site-packages/flask/app.py", line 1614, in full_dispatch_request
    rv = self.handle_user_exception(e)
  File "/opt/workspace/flask_blog/env/lib/python2.7/site-packages/flask/app.py", line 1512, in handle_user_exception
    return self.handle_http_exception(e)
  File "/opt/workspace/flask_blog/env/lib/python2.7/site-packages/flask/app.py", line 1471, in handle_http_exception
    return handler(e)
  File "/opt/workspace/flask_blog/flaskblog/blog/blog.py", line 176, in page_not_found
    return render_template('blog.404.html'),404
  File "/opt/workspace/flask_blog/env/lib/python2.7/site-packages/flask/templating.py", line 134, in render_template
    context, ctx.app)
  File "/opt/workspace/flask_blog/env/lib/python2.7/site-packages/flask/templating.py", line 116, in _render
    rv = template.render(context)
  File "/opt/workspace/flask_blog/env/lib/python2.7/site-packages/jinja2/environment.py", line 1008, in render
    return self.environment.handle_exception(exc_info, True)
  File "/opt/workspace/flask_blog/env/lib/python2.7/site-packages/jinja2/environment.py", line 780, in handle_exception
    reraise(exc_type, exc_value, tb)
  File "/opt/workspace/flask_blog/flaskblog/blog/templates/404.html", line 1, in top-level template code
    {% extends "base.html" %}
TemplateNotFound: base.html
127.0.0.1 - - [06/Mar/2018 03:37:22] "GET /blog/tag/Python HTTP/1.0" 200 -
127.0.0.1 - - [06/Mar/2018 03:37:23] "GET /blog/tag/Android HTTP/1.0" 500 -
Traceback (most recent call last):
  File "/opt/workspace/flask_blog/env/lib/python2.7/site-packages/flask/app.py", line 1997, in __call__
    return self.wsgi_app(environ, start_response)
  File "/opt/workspace/flask_blog/env/lib/python2.7/site-packages/flask/app.py", line 1985, in wsgi_app
    response = self.handle_exception(e)
  File "/opt/workspace/flask_blog/env/lib/python2.7/site-packages/flask/app.py", line 1540, in handle_exception
    reraise(exc_type, exc_value, tb)
  File "/opt/workspace/flask_blog/env/lib/python2.7/site-packages/flask/app.py", line 1982, in wsgi_app
    response = self.full_dispatch_request()
  File "/opt/workspace/flask_blog/env/lib/python2.7/site-packages/flask/app.py", line 1614, in full_dispatch_request
    rv = self.handle_user_exception(e)
  File "/opt/workspace/flask_blog/env/lib/python2.7/site-packages/flask/app.py", line 1512, in handle_user_exception
    return self.handle_http_exception(e)
  File "/opt/workspace/flask_blog/env/lib/python2.7/site-packages/flask/app.py", line 1471, in handle_http_exception
    return handler(e)
  File "/opt/workspace/flask_blog/flaskblog/blog/blog.py", line 176, in page_not_found
    return render_template('blog.404.html'),404
  File "/opt/workspace/flask_blog/env/lib/python2.7/site-packages/flask/templating.py", line 134, in render_template
    context, ctx.app)
  File "/opt/workspace/flask_blog/env/lib/python2.7/site-packages/flask/templating.py", line 116, in _render
    rv = template.render(context)
  File "/opt/workspace/flask_blog/env/lib/python2.7/site-packages/jinja2/environment.py", line 1008, in render
    return self.environment.handle_exception(exc_info, True)
  File "/opt/workspace/flask_blog/env/lib/python2.7/site-packages/jinja2/environment.py", line 780, in handle_exception
    reraise(exc_type, exc_value, tb)
  File "/opt/workspace/flask_blog/flaskblog/blog/templates/404.html", line 1, in top-level template code
    {% extends "base.html" %}
TemplateNotFound: base.html
127.0.0.1 - - [06/Mar/2018 03:37:33] "GET /blog/tag/Windows HTTP/1.0" 200 -
127.0.0.1 - - [06/Mar/2018 03:37:33] "GET /blog/tag/%E7%B3%BB%E7%BB%9F HTTP/1.0" 200 -
127.0.0.1 - - [06/Mar/2018 03:37:34] "GET /blog/tag/%E8%AF%AD%E8%A8%80 HTTP/1.0" 200 -
127.0.0.1 - - [06/Mar/2018 03:37:36] "GET /blog/tag/C/C++ HTTP/1.0" 404 -
127.0.0.1 - - [06/Mar/2018 03:37:39] "GET /blog/post/e2c04039-3a8a-4480-ab75-0d0f02eb0752 HTTP/1.0" 200 -
127.0.0.1 - - [06/Mar/2018 03:37:44] "GET /blog/post/8cb23cd3-3a1b-4bed-868f-e3030798495a HTTP/1.0" 200 -
127.0.0.1 - - [06/Mar/2018 03:37:48] "GET /blog/post/2f4329c8-fb02-4748-852a-e6d062a8e9c4 HTTP/1.0" 200 -
127.0.0.1 - - [06/Mar/2018 03:37:53] "GET /blog/post/fc128220-4323-40a2-a1f4-8a3336d97824 HTTP/1.0" 200 -
127.0.0.1 - - [06/Mar/2018 03:37:58] "GET /blog/post/40d4c5c6-9ff0-4534-8b38-5cd75e7d4bf6 HTTP/1.0" 200 -
127.0.0.1 - - [06/Mar/2018 03:38:03] "GET /blog/index?_escaped_fragment_= HTTP/1.0" 200 -
127.0.0.1 - - [06/Mar/2018 03:38:07] "GET /blog/tag/base.html HTTP/1.0" 500 -
Traceback (most recent call last):
  File "/opt/workspace/flask_blog/env/lib/python2.7/site-packages/flask/app.py", line 1997, in __call__
    return self.wsgi_app(environ, start_response)
  File "/opt/workspace/flask_blog/env/lib/python2.7/site-packages/flask/app.py", line 1985, in wsgi_app
    response = self.handle_exception(e)
  File "/opt/workspace/flask_blog/env/lib/python2.7/site-packages/flask/app.py", line 1540, in handle_exception
    reraise(exc_type, exc_value, tb)
  File "/opt/workspace/flask_blog/env/lib/python2.7/site-packages/flask/app.py", line 1982, in wsgi_app
    response = self.full_dispatch_request()
  File "/opt/workspace/flask_blog/env/lib/python2.7/site-packages/flask/app.py", line 1614, in full_dispatch_request
    rv = self.handle_user_exception(e)
  File "/opt/workspace/flask_blog/env/lib/python2.7/site-packages/flask/app.py", line 1512, in handle_user_exception
    return self.handle_http_exception(e)
  File "/opt/workspace/flask_blog/env/lib/python2.7/site-packages/flask/app.py", line 1471, in handle_http_exception
    return handler(e)
  File "/opt/workspace/flask_blog/flaskblog/blog/blog.py", line 176, in page_not_found
    return render_template('blog.404.html'),404
  File "/opt/workspace/flask_blog/env/lib/python2.7/site-packages/flask/templating.py", line 134, in render_template
    context, ctx.app)
  File "/opt/workspace/flask_blog/env/lib/python2.7/site-packages/flask/templating.py", line 116, in _render
    rv = template.render(context)
  File "/opt/workspace/flask_blog/env/lib/python2.7/site-packages/jinja2/environment.py", line 1008, in render
    return self.environment.handle_exception(exc_info, True)
  File "/opt/workspace/flask_blog/env/lib/python2.7/site-packages/jinja2/environment.py", line 780, in handle_exception
    reraise(exc_type, exc_value, tb)
  File "/opt/workspace/flask_blog/flaskblog/blog/templates/404.html", line 1, in top-level template code
    {% extends "base.html" %}
TemplateNotFound: base.html
127.0.0.1 - - [06/Mar/2018 03:38:18] "GET /blog/tag/login.html HTTP/1.0" 500 -
Traceback (most recent call last):
  File "/opt/workspace/flask_blog/env/lib/python2.7/site-packages/flask/app.py", line 1997, in __call__
    return self.wsgi_app(environ, start_response)
  File "/opt/workspace/flask_blog/env/lib/python2.7/site-packages/flask/app.py", line 1985, in wsgi_app
    response = self.handle_exception(e)
  File "/opt/workspace/flask_blog/env/lib/python2.7/site-packages/flask/app.py", line 1540, in handle_exception
    reraise(exc_type, exc_value, tb)
  File "/opt/workspace/flask_blog/env/lib/python2.7/site-packages/flask/app.py", line 1982, in wsgi_app
    response = self.full_dispatch_request()
  File "/opt/workspace/flask_blog/env/lib/python2.7/site-packages/flask/app.py", line 1614, in full_dispatch_request
    rv = self.handle_user_exception(e)
  File "/opt/workspace/flask_blog/env/lib/python2.7/site-packages/flask/app.py", line 1512, in handle_user_exception
    return self.handle_http_exception(e)
  File "/opt/workspace/flask_blog/env/lib/python2.7/site-packages/flask/app.py", line 1471, in handle_http_exception
    return handler(e)
  File "/opt/workspace/flask_blog/flaskblog/blog/blog.py", line 176, in page_not_found
    return render_template('blog.404.html'),404
  File "/opt/workspace/flask_blog/env/lib/python2.7/site-packages/flask/templating.py", line 134, in render_template
    context, ctx.app)
  File "/opt/workspace/flask_blog/env/lib/python2.7/site-packages/flask/templating.py", line 116, in _render
    rv = template.render(context)
  File "/opt/workspace/flask_blog/env/lib/python2.7/site-packages/jinja2/environment.py", line 1008, in render
    return self.environment.handle_exception(exc_info, True)
  File "/opt/workspace/flask_blog/env/lib/python2.7/site-packages/jinja2/environment.py", line 780, in handle_exception
    reraise(exc_type, exc_value, tb)
  File "/opt/workspace/flask_blog/flaskblog/blog/templates/404.html", line 1, in top-level template code
    {% extends "base.html" %}
TemplateNotFound: base.html
127.0.0.1 - - [06/Mar/2018 03:38:28] "GET /blog/tag/register.html HTTP/1.0" 500 -
Traceback (most recent call last):
  File "/opt/workspace/flask_blog/env/lib/python2.7/site-packages/flask/app.py", line 1997, in __call__
    return self.wsgi_app(environ, start_response)
  File "/opt/workspace/flask_blog/env/lib/python2.7/site-packages/flask/app.py", line 1985, in wsgi_app
    response = self.handle_exception(e)
  File "/opt/workspace/flask_blog/env/lib/python2.7/site-packages/flask/app.py", line 1540, in handle_exception
    reraise(exc_type, exc_value, tb)
  File "/opt/workspace/flask_blog/env/lib/python2.7/site-packages/flask/app.py", line 1982, in wsgi_app
    response = self.full_dispatch_request()
  File "/opt/workspace/flask_blog/env/lib/python2.7/site-packages/flask/app.py", line 1614, in full_dispatch_request
    rv = self.handle_user_exception(e)
  File "/opt/workspace/flask_blog/env/lib/python2.7/site-packages/flask/app.py", line 1512, in handle_user_exception
    return self.handle_http_exception(e)
  File "/opt/workspace/flask_blog/env/lib/python2.7/site-packages/flask/app.py", line 1471, in handle_http_exception
    return handler(e)
  File "/opt/workspace/flask_blog/flaskblog/blog/blog.py", line 176, in page_not_found
    return render_template('blog.404.html'),404
  File "/opt/workspace/flask_blog/env/lib/python2.7/site-packages/flask/templating.py", line 134, in render_template
    context, ctx.app)
  File "/opt/workspace/flask_blog/env/lib/python2.7/site-packages/flask/templating.py", line 116, in _render
    rv = template.render(context)
  File "/opt/workspace/flask_blog/env/lib/python2.7/site-packages/jinja2/environment.py", line 1008, in render
    return self.environment.handle_exception(exc_info, True)
  File "/opt/workspace/flask_blog/env/lib/python2.7/site-packages/jinja2/environment.py", line 780, in handle_exception
    reraise(exc_type, exc_value, tb)
  File "/opt/workspace/flask_blog/flaskblog/blog/templates/404.html", line 1, in top-level template code
    {% extends "base.html" %}
TemplateNotFound: base.html
127.0.0.1 - - [06/Mar/2018 03:38:40] "GET /blog/post/base.html HTTP/1.0" 500 -
Traceback (most recent call last):
  File "/opt/workspace/flask_blog/env/lib/python2.7/site-packages/flask/app.py", line 1997, in __call__
    return self.wsgi_app(environ, start_response)
  File "/opt/workspace/flask_blog/env/lib/python2.7/site-packages/flask/app.py", line 1985, in wsgi_app
    response = self.handle_exception(e)
  File "/opt/workspace/flask_blog/env/lib/python2.7/site-packages/flask/app.py", line 1540, in handle_exception
    reraise(exc_type, exc_value, tb)
  File "/opt/workspace/flask_blog/env/lib/python2.7/site-packages/flask/app.py", line 1982, in wsgi_app
    response = self.full_dispatch_request()
  File "/opt/workspace/flask_blog/env/lib/python2.7/site-packages/flask/app.py", line 1614, in full_dispatch_request
    rv = self.handle_user_exception(e)
  File "/opt/workspace/flask_blog/env/lib/python2.7/site-packages/flask/app.py", line 1512, in handle_user_exception
    return self.handle_http_exception(e)
  File "/opt/workspace/flask_blog/env/lib/python2.7/site-packages/flask/app.py", line 1471, in handle_http_exception
    return handler(e)
  File "/opt/workspace/flask_blog/flaskblog/blog/blog.py", line 176, in page_not_found
    return render_template('blog.404.html'),404
  File "/opt/workspace/flask_blog/env/lib/python2.7/site-packages/flask/templating.py", line 134, in render_template
    context, ctx.app)
  File "/opt/workspace/flask_blog/env/lib/python2.7/site-packages/flask/templating.py", line 116, in _render
    rv = template.render(context)
  File "/opt/workspace/flask_blog/env/lib/python2.7/site-packages/jinja2/environment.py", line 1008, in render
    return self.environment.handle_exception(exc_info, True)
  File "/opt/workspace/flask_blog/env/lib/python2.7/site-packages/jinja2/environment.py", line 780, in handle_exception
    reraise(exc_type, exc_value, tb)
  File "/opt/workspace/flask_blog/flaskblog/blog/templates/404.html", line 1, in top-level template code
    {% extends "base.html" %}
TemplateNotFound: base.html
127.0.0.1 - - [06/Mar/2018 03:39:08] "GET /blog/facebook HTTP/1.0" 302 -
127.0.0.1 - - [06/Mar/2018 03:39:52] "GET /blog/post/login.html HTTP/1.0" 500 -
Traceback (most recent call last):
  File "/opt/workspace/flask_blog/env/lib/python2.7/site-packages/flask/app.py", line 1997, in __call__
    return self.wsgi_app(environ, start_response)
  File "/opt/workspace/flask_blog/env/lib/python2.7/site-packages/flask/app.py", line 1985, in wsgi_app
    response = self.handle_exception(e)
  File "/opt/workspace/flask_blog/env/lib/python2.7/site-packages/flask/app.py", line 1540, in handle_exception
    reraise(exc_type, exc_value, tb)
  File "/opt/workspace/flask_blog/env/lib/python2.7/site-packages/flask/app.py", line 1982, in wsgi_app
    response = self.full_dispatch_request()
  File "/opt/workspace/flask_blog/env/lib/python2.7/site-packages/flask/app.py", line 1614, in full_dispatch_request
    rv = self.handle_user_exception(e)
  File "/opt/workspace/flask_blog/env/lib/python2.7/site-packages/flask/app.py", line 1512, in handle_user_exception
    return self.handle_http_exception(e)
  File "/opt/workspace/flask_blog/env/lib/python2.7/site-packages/flask/app.py", line 1471, in handle_http_exception
    return handler(e)
  File "/opt/workspace/flask_blog/flaskblog/blog/blog.py", line 176, in page_not_found
    return render_template('blog.404.html'),404
  File "/opt/workspace/flask_blog/env/lib/python2.7/site-packages/flask/templating.py", line 134, in render_template
    context, ctx.app)
  File "/opt/workspace/flask_blog/env/lib/python2.7/site-packages/flask/templating.py", line 116, in _render
    rv = template.render(context)
  File "/opt/workspace/flask_blog/env/lib/python2.7/site-packages/jinja2/environment.py", line 1008, in render
    return self.environment.handle_exception(exc_info, True)
  File "/opt/workspace/flask_blog/env/lib/python2.7/site-packages/jinja2/environment.py", line 780, in handle_exception
    reraise(exc_type, exc_value, tb)
  File "/opt/workspace/flask_blog/flaskblog/blog/templates/404.html", line 1, in top-level template code
    {% extends "base.html" %}
TemplateNotFound: base.html
127.0.0.1 - - [06/Mar/2018 03:40:50] "GET /blog/post/register.html HTTP/1.0" 500 -
Traceback (most recent call last):
  File "/opt/workspace/flask_blog/env/lib/python2.7/site-packages/flask/app.py", line 1997, in __call__
    return self.wsgi_app(environ, start_response)
  File "/opt/workspace/flask_blog/env/lib/python2.7/site-packages/flask/app.py", line 1985, in wsgi_app
    response = self.handle_exception(e)
  File "/opt/workspace/flask_blog/env/lib/python2.7/site-packages/flask/app.py", line 1540, in handle_exception
    reraise(exc_type, exc_value, tb)
  File "/opt/workspace/flask_blog/env/lib/python2.7/site-packages/flask/app.py", line 1982, in wsgi_app
    response = self.full_dispatch_request()
  File "/opt/workspace/flask_blog/env/lib/python2.7/site-packages/flask/app.py", line 1614, in full_dispatch_request
    rv = self.handle_user_exception(e)
  File "/opt/workspace/flask_blog/env/lib/python2.7/site-packages/flask/app.py", line 1512, in handle_user_exception
    return self.handle_http_exception(e)
  File "/opt/workspace/flask_blog/env/lib/python2.7/site-packages/flask/app.py", line 1471, in handle_http_exception
    return handler(e)
  File "/opt/workspace/flask_blog/flaskblog/blog/blog.py", line 176, in page_not_found
    return render_template('blog.404.html'),404
  File "/opt/workspace/flask_blog/env/lib/python2.7/site-packages/flask/templating.py", line 134, in render_template
    context, ctx.app)
  File "/opt/workspace/flask_blog/env/lib/python2.7/site-packages/flask/templating.py", line 116, in _render
    rv = template.render(context)
  File "/opt/workspace/flask_blog/env/lib/python2.7/site-packages/jinja2/environment.py", line 1008, in render
    return self.environment.handle_exception(exc_info, True)
  File "/opt/workspace/flask_blog/env/lib/python2.7/site-packages/jinja2/environment.py", line 780, in handle_exception
    reraise(exc_type, exc_value, tb)
  File "/opt/workspace/flask_blog/flaskblog/blog/templates/404.html", line 1, in top-level template code
    {% extends "base.html" %}
TemplateNotFound: base.html
127.0.0.1 - - [06/Mar/2018 03:41:45] "GET /blog/post/40d4c5c6-9ff0-4534-8b38-5cd75e7d4bf6?_escaped_fragment_= HTTP/1.0" 200 -
127.0.0.1 - - [06/Mar/2018 03:42:52] "GET /blog/post/fc128220-4323-40a2-a1f4-8a3336d97824?_escaped_fragment_= HTTP/1.0" 200 -
127.0.0.1 - - [06/Mar/2018 05:07:02] "GET /blog/static/js/lazysizes.min.js HTTP/1.0" 200 -
127.0.0.1 - - [06/Mar/2018 05:07:03] "GET /blog/static/css/style.css HTTP/1.0" 200 -
127.0.0.1 - - [06/Mar/2018 05:07:03] "GET /blog/static/js/highlight.pack.js HTTP/1.0" 200 -
127.0.0.1 - - [06/Mar/2018 05:07:04] "GET /blog/static/js/init.js HTTP/1.0" 200 -
127.0.0.1 - - [06/Mar/2018 05:07:04] "GET /blog/static/css/highlight/monokai-sublime.css HTTP/1.0" 200 -
127.0.0.1 - - [06/Mar/2018 06:32:23] "GET / HTTP/1.0" 302 -
127.0.0.1 - - [06/Mar/2018 06:32:29] "GET /blog/index HTTP/1.0" 200 -
127.0.0.1 - - [06/Mar/2018 06:50:56] "GET /blog/static/css/font-awesome.min.css HTTP/1.0" 200 -
127.0.0.1 - - [06/Mar/2018 08:28:41] "GET / HTTP/1.0" 302 -
127.0.0.1 - - [06/Mar/2018 08:28:42] "GET /blog/index HTTP/1.0" 200 -
127.0.0.1 - - [06/Mar/2018 08:28:59] "GET /blog/static/js/lazysizes.min.js HTTP/1.0" 200 -
127.0.0.1 - - [06/Mar/2018 08:29:00] "GET /blog/static/css/highlight/monokai-sublime.css HTTP/1.0" 200 -
127.0.0.1 - - [06/Mar/2018 08:29:00] "GET /blog/static/js/init.js HTTP/1.0" 200 -
127.0.0.1 - - [06/Mar/2018 08:29:01] "GET /blog/static/js/highlight.pack.js HTTP/1.0" 200 -
127.0.0.1 - - [06/Mar/2018 08:29:01] "GET /blog/static/css/style.css HTTP/1.0" 200 -
127.0.0.1 - - [06/Mar/2018 08:44:57] "GET /blog/static/favicon.ico HTTP/1.0" 200 -
127.0.0.1 - - [06/Mar/2018 09:54:25] "GET / HTTP/1.0" 302 -
127.0.0.1 - - [06/Mar/2018 09:54:26] "GET /blog/index HTTP/1.0" 200 -
127.0.0.1 - - [06/Mar/2018 11:06:46] "GET /blog/post/base.html HTTP/1.0" 500 -
Traceback (most recent call last):
  File "/opt/workspace/flask_blog/env/lib/python2.7/site-packages/flask/app.py", line 1997, in __call__
    return self.wsgi_app(environ, start_response)
  File "/opt/workspace/flask_blog/env/lib/python2.7/site-packages/flask/app.py", line 1985, in wsgi_app
    response = self.handle_exception(e)
  File "/opt/workspace/flask_blog/env/lib/python2.7/site-packages/flask/app.py", line 1540, in handle_exception
    reraise(exc_type, exc_value, tb)
  File "/opt/workspace/flask_blog/env/lib/python2.7/site-packages/flask/app.py", line 1982, in wsgi_app
    response = self.full_dispatch_request()
  File "/opt/workspace/flask_blog/env/lib/python2.7/site-packages/flask/app.py", line 1614, in full_dispatch_request
    rv = self.handle_user_exception(e)
  File "/opt/workspace/flask_blog/env/lib/python2.7/site-packages/flask/app.py", line 1512, in handle_user_exception
    return self.handle_http_exception(e)
  File "/opt/workspace/flask_blog/env/lib/python2.7/site-packages/flask/app.py", line 1471, in handle_http_exception
    return handler(e)
  File "/opt/workspace/flask_blog/flaskblog/blog/blog.py", line 176, in page_not_found
    return render_template('blog.404.html'),404
  File "/opt/workspace/flask_blog/env/lib/python2.7/site-packages/flask/templating.py", line 134, in render_template
    context, ctx.app)
  File "/opt/workspace/flask_blog/env/lib/python2.7/site-packages/flask/templating.py", line 116, in _render
    rv = template.render(context)
  File "/opt/workspace/flask_blog/env/lib/python2.7/site-packages/jinja2/environment.py", line 1008, in render
    return self.environment.handle_exception(exc_info, True)
  File "/opt/workspace/flask_blog/env/lib/python2.7/site-packages/jinja2/environment.py", line 780, in handle_exception
    reraise(exc_type, exc_value, tb)
  File "/opt/workspace/flask_blog/flaskblog/blog/templates/404.html", line 1, in top-level template code
    {% extends "base.html" %}
TemplateNotFound: base.html
127.0.0.1 - - [06/Mar/2018 11:06:57] "GET /blog/tag/Nodejs HTTP/1.0" 500 -
Traceback (most recent call last):
  File "/opt/workspace/flask_blog/env/lib/python2.7/site-packages/flask/app.py", line 1997, in __call__
    return self.wsgi_app(environ, start_response)
  File "/opt/workspace/flask_blog/env/lib/python2.7/site-packages/flask/app.py", line 1985, in wsgi_app
    response = self.handle_exception(e)
  File "/opt/workspace/flask_blog/env/lib/python2.7/site-packages/flask/app.py", line 1540, in handle_exception
    reraise(exc_type, exc_value, tb)
  File "/opt/workspace/flask_blog/env/lib/python2.7/site-packages/flask/app.py", line 1982, in wsgi_app
    response = self.full_dispatch_request()
  File "/opt/workspace/flask_blog/env/lib/python2.7/site-packages/flask/app.py", line 1614, in full_dispatch_request
    rv = self.handle_user_exception(e)
  File "/opt/workspace/flask_blog/env/lib/python2.7/site-packages/flask/app.py", line 1512, in handle_user_exception
    return self.handle_http_exception(e)
  File "/opt/workspace/flask_blog/env/lib/python2.7/site-packages/flask/app.py", line 1471, in handle_http_exception
    return handler(e)
  File "/opt/workspace/flask_blog/flaskblog/blog/blog.py", line 176, in page_not_found
    return render_template('blog.404.html'),404
  File "/opt/workspace/flask_blog/env/lib/python2.7/site-packages/flask/templating.py", line 134, in render_template
    context, ctx.app)
  File "/opt/workspace/flask_blog/env/lib/python2.7/site-packages/flask/templating.py", line 116, in _render
    rv = template.render(context)
  File "/opt/workspace/flask_blog/env/lib/python2.7/site-packages/jinja2/environment.py", line 1008, in render
    return self.environment.handle_exception(exc_info, True)
  File "/opt/workspace/flask_blog/env/lib/python2.7/site-packages/jinja2/environment.py", line 780, in handle_exception
    reraise(exc_type, exc_value, tb)
  File "/opt/workspace/flask_blog/flaskblog/blog/templates/404.html", line 1, in top-level template code
    {% extends "base.html" %}
TemplateNotFound: base.html
127.0.0.1 - - [06/Mar/2018 11:07:07] "GET /blog/tag/Android HTTP/1.0" 500 -
Traceback (most recent call last):
  File "/opt/workspace/flask_blog/env/lib/python2.7/site-packages/flask/app.py", line 1997, in __call__
    return self.wsgi_app(environ, start_response)
  File "/opt/workspace/flask_blog/env/lib/python2.7/site-packages/flask/app.py", line 1985, in wsgi_app
    response = self.handle_exception(e)
  File "/opt/workspace/flask_blog/env/lib/python2.7/site-packages/flask/app.py", line 1540, in handle_exception
    reraise(exc_type, exc_value, tb)
  File "/opt/workspace/flask_blog/env/lib/python2.7/site-packages/flask/app.py", line 1982, in wsgi_app
    response = self.full_dispatch_request()
  File "/opt/workspace/flask_blog/env/lib/python2.7/site-packages/flask/app.py", line 1614, in full_dispatch_request
    rv = self.handle_user_exception(e)
  File "/opt/workspace/flask_blog/env/lib/python2.7/site-packages/flask/app.py", line 1512, in handle_user_exception
    return self.handle_http_exception(e)
  File "/opt/workspace/flask_blog/env/lib/python2.7/site-packages/flask/app.py", line 1471, in handle_http_exception
    return handler(e)
  File "/opt/workspace/flask_blog/flaskblog/blog/blog.py", line 176, in page_not_found
    return render_template('blog.404.html'),404
  File "/opt/workspace/flask_blog/env/lib/python2.7/site-packages/flask/templating.py", line 134, in render_template
    context, ctx.app)
  File "/opt/workspace/flask_blog/env/lib/python2.7/site-packages/flask/templating.py", line 116, in _render
    rv = template.render(context)
  File "/opt/workspace/flask_blog/env/lib/python2.7/site-packages/jinja2/environment.py", line 1008, in render
    return self.environment.handle_exception(exc_info, True)
  File "/opt/workspace/flask_blog/env/lib/python2.7/site-packages/jinja2/environment.py", line 780, in handle_exception
    reraise(exc_type, exc_value, tb)
  File "/opt/workspace/flask_blog/flaskblog/blog/templates/404.html", line 1, in top-level template code
    {% extends "base.html" %}
TemplateNotFound: base.html
127.0.0.1 - - [06/Mar/2018 11:07:18] "GET /blog/tag/Mac_OS HTTP/1.0" 500 -
Traceback (most recent call last):
  File "/opt/workspace/flask_blog/env/lib/python2.7/site-packages/flask/app.py", line 1997, in __call__
    return self.wsgi_app(environ, start_response)
  File "/opt/workspace/flask_blog/env/lib/python2.7/site-packages/flask/app.py", line 1985, in wsgi_app
    response = self.handle_exception(e)
  File "/opt/workspace/flask_blog/env/lib/python2.7/site-packages/flask/app.py", line 1540, in handle_exception
    reraise(exc_type, exc_value, tb)
  File "/opt/workspace/flask_blog/env/lib/python2.7/site-packages/flask/app.py", line 1982, in wsgi_app
    response = self.full_dispatch_request()
  File "/opt/workspace/flask_blog/env/lib/python2.7/site-packages/flask/app.py", line 1614, in full_dispatch_request
    rv = self.handle_user_exception(e)
  File "/opt/workspace/flask_blog/env/lib/python2.7/site-packages/flask/app.py", line 1512, in handle_user_exception
    return self.handle_http_exception(e)
  File "/opt/workspace/flask_blog/env/lib/python2.7/site-packages/flask/app.py", line 1471, in handle_http_exception
    return handler(e)
  File "/opt/workspace/flask_blog/flaskblog/blog/blog.py", line 176, in page_not_found
    return render_template('blog.404.html'),404
  File "/opt/workspace/flask_blog/env/lib/python2.7/site-packages/flask/templating.py", line 134, in render_template
    context, ctx.app)
  File "/opt/workspace/flask_blog/env/lib/python2.7/site-packages/flask/templating.py", line 116, in _render
    rv = template.render(context)
  File "/opt/workspace/flask_blog/env/lib/python2.7/site-packages/jinja2/environment.py", line 1008, in render
    return self.environment.handle_exception(exc_info, True)
  File "/opt/workspace/flask_blog/env/lib/python2.7/site-packages/jinja2/environment.py", line 780, in handle_exception
    reraise(exc_type, exc_value, tb)
  File "/opt/workspace/flask_blog/flaskblog/blog/templates/404.html", line 1, in top-level template code
    {% extends "base.html" %}
TemplateNotFound: base.html
127.0.0.1 - - [06/Mar/2018 11:07:28] "GET /blog/tag/base.html HTTP/1.0" 500 -
Traceback (most recent call last):
  File "/opt/workspace/flask_blog/env/lib/python2.7/site-packages/flask/app.py", line 1997, in __call__
    return self.wsgi_app(environ, start_response)
  File "/opt/workspace/flask_blog/env/lib/python2.7/site-packages/flask/app.py", line 1985, in wsgi_app
    response = self.handle_exception(e)
  File "/opt/workspace/flask_blog/env/lib/python2.7/site-packages/flask/app.py", line 1540, in handle_exception
    reraise(exc_type, exc_value, tb)
  File "/opt/workspace/flask_blog/env/lib/python2.7/site-packages/flask/app.py", line 1982, in wsgi_app
    response = self.full_dispatch_request()
  File "/opt/workspace/flask_blog/env/lib/python2.7/site-packages/flask/app.py", line 1614, in full_dispatch_request
    rv = self.handle_user_exception(e)
  File "/opt/workspace/flask_blog/env/lib/python2.7/site-packages/flask/app.py", line 1512, in handle_user_exception
    return self.handle_http_exception(e)
  File "/opt/workspace/flask_blog/env/lib/python2.7/site-packages/flask/app.py", line 1471, in handle_http_exception
    return handler(e)
  File "/opt/workspace/flask_blog/flaskblog/blog/blog.py", line 176, in page_not_found
    return render_template('blog.404.html'),404
  File "/opt/workspace/flask_blog/env/lib/python2.7/site-packages/flask/templating.py", line 134, in render_template
    context, ctx.app)
  File "/opt/workspace/flask_blog/env/lib/python2.7/site-packages/flask/templating.py", line 116, in _render
    rv = template.render(context)
  File "/opt/workspace/flask_blog/env/lib/python2.7/site-packages/jinja2/environment.py", line 1008, in render
    return self.environment.handle_exception(exc_info, True)
  File "/opt/workspace/flask_blog/env/lib/python2.7/site-packages/jinja2/environment.py", line 780, in handle_exception
    reraise(exc_type, exc_value, tb)
  File "/opt/workspace/flask_blog/flaskblog/blog/templates/404.html", line 1, in top-level template code
    {% extends "base.html" %}
TemplateNotFound: base.html
127.0.0.1 - - [06/Mar/2018 11:07:39] "GET /blog/tag/login.html HTTP/1.0" 500 -
Traceback (most recent call last):
  File "/opt/workspace/flask_blog/env/lib/python2.7/site-packages/flask/app.py", line 1997, in __call__
    return self.wsgi_app(environ, start_response)
  File "/opt/workspace/flask_blog/env/lib/python2.7/site-packages/flask/app.py", line 1985, in wsgi_app
    response = self.handle_exception(e)
  File "/opt/workspace/flask_blog/env/lib/python2.7/site-packages/flask/app.py", line 1540, in handle_exception
    reraise(exc_type, exc_value, tb)
  File "/opt/workspace/flask_blog/env/lib/python2.7/site-packages/flask/app.py", line 1982, in wsgi_app
    response = self.full_dispatch_request()
  File "/opt/workspace/flask_blog/env/lib/python2.7/site-packages/flask/app.py", line 1614, in full_dispatch_request
    rv = self.handle_user_exception(e)
  File "/opt/workspace/flask_blog/env/lib/python2.7/site-packages/flask/app.py", line 1512, in handle_user_exception
    return self.handle_http_exception(e)
  File "/opt/workspace/flask_blog/env/lib/python2.7/site-packages/flask/app.py", line 1471, in handle_http_exception
    return handler(e)
  File "/opt/workspace/flask_blog/flaskblog/blog/blog.py", line 176, in page_not_found
    return render_template('blog.404.html'),404
  File "/opt/workspace/flask_blog/env/lib/python2.7/site-packages/flask/templating.py", line 134, in render_template
    context, ctx.app)
  File "/opt/workspace/flask_blog/env/lib/python2.7/site-packages/flask/templating.py", line 116, in _render
    rv = template.render(context)
  File "/opt/workspace/flask_blog/env/lib/python2.7/site-packages/jinja2/environment.py", line 1008, in render
    return self.environment.handle_exception(exc_info, True)
  File "/opt/workspace/flask_blog/env/lib/python2.7/site-packages/jinja2/environment.py", line 780, in handle_exception
    reraise(exc_type, exc_value, tb)
  File "/opt/workspace/flask_blog/flaskblog/blog/templates/404.html", line 1, in top-level template code
    {% extends "base.html" %}
TemplateNotFound: base.html
127.0.0.1 - - [06/Mar/2018 11:07:49] "GET /blog/post/login.html HTTP/1.0" 500 -
Traceback (most recent call last):
  File "/opt/workspace/flask_blog/env/lib/python2.7/site-packages/flask/app.py", line 1997, in __call__
    return self.wsgi_app(environ, start_response)
  File "/opt/workspace/flask_blog/env/lib/python2.7/site-packages/flask/app.py", line 1985, in wsgi_app
    response = self.handle_exception(e)
  File "/opt/workspace/flask_blog/env/lib/python2.7/site-packages/flask/app.py", line 1540, in handle_exception
    reraise(exc_type, exc_value, tb)
  File "/opt/workspace/flask_blog/env/lib/python2.7/site-packages/flask/app.py", line 1982, in wsgi_app
    response = self.full_dispatch_request()
  File "/opt/workspace/flask_blog/env/lib/python2.7/site-packages/flask/app.py", line 1614, in full_dispatch_request
    rv = self.handle_user_exception(e)
  File "/opt/workspace/flask_blog/env/lib/python2.7/site-packages/flask/app.py", line 1512, in handle_user_exception
    return self.handle_http_exception(e)
  File "/opt/workspace/flask_blog/env/lib/python2.7/site-packages/flask/app.py", line 1471, in handle_http_exception
    return handler(e)
  File "/opt/workspace/flask_blog/flaskblog/blog/blog.py", line 176, in page_not_found
    return render_template('blog.404.html'),404
  File "/opt/workspace/flask_blog/env/lib/python2.7/site-packages/flask/templating.py", line 134, in render_template
    context, ctx.app)
  File "/opt/workspace/flask_blog/env/lib/python2.7/site-packages/flask/templating.py", line 116, in _render
    rv = template.render(context)
  File "/opt/workspace/flask_blog/env/lib/python2.7/site-packages/jinja2/environment.py", line 1008, in render
    return self.environment.handle_exception(exc_info, True)
  File "/opt/workspace/flask_blog/env/lib/python2.7/site-packages/jinja2/environment.py", line 780, in handle_exception
    reraise(exc_type, exc_value, tb)
  File "/opt/workspace/flask_blog/flaskblog/blog/templates/404.html", line 1, in top-level template code
    {% extends "base.html" %}
TemplateNotFound: base.html
127.0.0.1 - - [06/Mar/2018 11:50:45] "GET / HTTP/1.0" 302 -
127.0.0.1 - - [06/Mar/2018 11:50:45] "GET /blog/index HTTP/1.0" 200 -
127.0.0.1 - - [06/Mar/2018 11:50:46] "GET /blog/static/css/font-awesome.min.css HTTP/1.0" 304 -
127.0.0.1 - - [06/Mar/2018 11:50:46] "GET /blog/static/css/style.css HTTP/1.0" 304 -
127.0.0.1 - - [06/Mar/2018 11:50:46] "GET /blog/static/css/highlight/monokai-sublime.css HTTP/1.0" 304 -
127.0.0.1 - - [06/Mar/2018 11:50:46] "GET /blog/static/js/highlight.pack.js HTTP/1.0" 304 -
127.0.0.1 - - [06/Mar/2018 11:50:46] "GET /blog/static/js/lazysizes.min.js HTTP/1.0" 304 -
127.0.0.1 - - [06/Mar/2018 11:50:46] "GET /blog/static/js/init.js HTTP/1.0" 304 -
127.0.0.1 - - [06/Mar/2018 11:50:46] "GET /admin/static/image/emoji/smile.png HTTP/1.0" 304 -
127.0.0.1 - - [06/Mar/2018 11:50:46] "GET /blog/static/favicon.ico HTTP/1.0" 304 -
127.0.0.1 - - [06/Mar/2018 11:50:46] "GET /admin/static/image/emoji/laughing.png HTTP/1.0" 304 -
127.0.0.1 - - [06/Mar/2018 11:50:47] "GET /blog/static/cubes.png HTTP/1.0" 304 -
127.0.0.1 - - [06/Mar/2018 11:50:48] "GET /blog/static/fonts/fontawesome-webfont.woff2?v=4.7.0 HTTP/1.0" 304 -
127.0.0.1 - - [06/Mar/2018 11:50:56] "GET /blog/post/2f4329c8-fb02-4748-852a-e6d062a8e9c4 HTTP/1.0" 200 -
127.0.0.1 - - [06/Mar/2018 11:50:56] "GET /blog/static/css/simditor.css HTTP/1.0" 200 -
127.0.0.1 - - [06/Mar/2018 11:50:56] "GET /blog/static/js/module.js HTTP/1.0" 200 -
127.0.0.1 - - [06/Mar/2018 11:50:56] "GET /blog/static/js/uploader.js HTTP/1.0" 200 -
127.0.0.1 - - [06/Mar/2018 11:50:56] "GET /blog/static/js/hotkeys.js HTTP/1.0" 200 -
127.0.0.1 - - [06/Mar/2018 11:50:56] "GET /blog/static/js/simditor.js HTTP/1.0" 200 -
127.0.0.1 - - [06/Mar/2018 11:53:08] "GET / HTTP/1.0" 302 -
127.0.0.1 - - [06/Mar/2018 11:53:08] "GET /blog/index HTTP/1.0" 200 -
127.0.0.1 - - [06/Mar/2018 11:53:11] "GET /blog/post/2f4329c8-fb02-4748-852a-e6d062a8e9c4 HTTP/1.0" 200 -
127.0.0.1 - - [06/Mar/2018 11:53:31] "GET /blog/index HTTP/1.0" 200 -
127.0.0.1 - - [06/Mar/2018 11:53:34] "GET /blog/post/2f4329c8-fb02-4748-852a-e6d062a8e9c4 HTTP/1.0" 200 -
127.0.0.1 - - [06/Mar/2018 11:53:45] "GET /blog/post/2f4329c8-fb02-4748-852a-e6d062a8e9c4 HTTP/1.0" 200 -
127.0.0.1 - - [06/Mar/2018 11:53:45] "GET /blog/static/favicon.ico HTTP/1.0" 200 -
127.0.0.1 - - [06/Mar/2018 11:53:47] "GET /blog/post/2f4329c8-fb02-4748-852a-e6d062a8e9c4 HTTP/1.0" 200 -
127.0.0.1 - - [06/Mar/2018 11:53:47] "GET /blog/static/favicon.ico HTTP/1.0" 200 -
127.0.0.1 - - [06/Mar/2018 11:54:10] "GET /blog/post/2f4329c8-fb02-4748-852a-e6d062a8e9c4 HTTP/1.0" 200 -
127.0.0.1 - - [06/Mar/2018 11:54:11] "GET /blog/static/favicon.ico HTTP/1.0" 200 -
127.0.0.1 - - [06/Mar/2018 11:54:27] "GET /blog/post/2f4329c8-fb02-4748-852a-e6d062a8e9c4 HTTP/1.0" 200 -
127.0.0.1 - - [06/Mar/2018 11:54:27] "GET /blog/static/favicon.ico HTTP/1.0" 200 -
127.0.0.1 - - [06/Mar/2018 11:56:49] "GET / HTTP/1.0" 302 -
127.0.0.1 - - [06/Mar/2018 11:56:49] "GET /blog/index HTTP/1.0" 200 -
127.0.0.1 - - [06/Mar/2018 13:59:36] "GET / HTTP/1.0" 302 -
127.0.0.1 - - [06/Mar/2018 13:59:36] "GET /blog/index HTTP/1.0" 200 -
127.0.0.1 - - [06/Mar/2018 13:59:48] "GET / HTTP/1.0" 302 -
127.0.0.1 - - [06/Mar/2018 13:59:48] "GET /blog/index HTTP/1.0" 200 -
127.0.0.1 - - [06/Mar/2018 14:00:05] "GET /blog/index HTTP/1.0" 200 -
127.0.0.1 - - [06/Mar/2018 14:00:07] "GET /blog/static/favicon.ico HTTP/1.0" 200 -
127.0.0.1 - - [06/Mar/2018 14:00:21] "GET /blog/post/2f4329c8-fb02-4748-852a-e6d062a8e9c4 HTTP/1.0" 200 -
127.0.0.1 - - [06/Mar/2018 14:00:29] "GET /blog/post/2f4329c8-fb02-4748-852a-e6d062a8e9c4 HTTP/1.0" 200 -
127.0.0.1 - - [06/Mar/2018 14:15:23] "GET / HTTP/1.0" 302 -
127.0.0.1 - - [06/Mar/2018 14:15:23] "GET /blog/index HTTP/1.0" 200 -
127.0.0.1 - - [06/Mar/2018 14:15:32] "GET /blog/post/2f4329c8-fb02-4748-852a-e6d062a8e9c4 HTTP/1.0" 200 -
127.0.0.1 - - [06/Mar/2018 14:15:37] "GET /blog/post/2f4329c8-fb02-4748-852a-e6d062a8e9c4 HTTP/1.0" 200 -
127.0.0.1 - - [06/Mar/2018 14:15:38] "GET /blog/static/favicon.ico HTTP/1.0" 200 -
127.0.0.1 - - [06/Mar/2018 14:15:41] "GET /blog/index HTTP/1.0" 200 -
127.0.0.1 - - [06/Mar/2018 14:16:51] "GET /blog/index HTTP/1.0" 200 -
127.0.0.1 - - [06/Mar/2018 14:16:52] "GET /blog/static/favicon.ico HTTP/1.0" 200 -
127.0.0.1 - - [06/Mar/2018 14:18:06] "GET /blog/post/2f4329c8-fb02-4748-852a-e6d062a8e9c4 HTTP/1.0" 200 -
127.0.0.1 - - [06/Mar/2018 14:18:52] "GET /blog/static/style.css HTTP/1.0" 500 -
Traceback (most recent call last):
  File "/opt/workspace/flask_blog/env/lib/python2.7/site-packages/flask/app.py", line 1997, in __call__
    return self.wsgi_app(environ, start_response)
  File "/opt/workspace/flask_blog/env/lib/python2.7/site-packages/flask/app.py", line 1985, in wsgi_app
    response = self.handle_exception(e)
  File "/opt/workspace/flask_blog/env/lib/python2.7/site-packages/flask/app.py", line 1540, in handle_exception
    reraise(exc_type, exc_value, tb)
  File "/opt/workspace/flask_blog/env/lib/python2.7/site-packages/flask/app.py", line 1982, in wsgi_app
    response = self.full_dispatch_request()
  File "/opt/workspace/flask_blog/env/lib/python2.7/site-packages/flask/app.py", line 1614, in full_dispatch_request
    rv = self.handle_user_exception(e)
  File "/opt/workspace/flask_blog/env/lib/python2.7/site-packages/flask/app.py", line 1512, in handle_user_exception
    return self.handle_http_exception(e)
  File "/opt/workspace/flask_blog/env/lib/python2.7/site-packages/flask/app.py", line 1471, in handle_http_exception
    return handler(e)
  File "/opt/workspace/flask_blog/flaskblog/blog/blog.py", line 176, in page_not_found
    return render_template('blog.404.html'),404
  File "/opt/workspace/flask_blog/env/lib/python2.7/site-packages/flask/templating.py", line 134, in render_template
    context, ctx.app)
  File "/opt/workspace/flask_blog/env/lib/python2.7/site-packages/flask/templating.py", line 116, in _render
    rv = template.render(context)
  File "/opt/workspace/flask_blog/env/lib/python2.7/site-packages/jinja2/environment.py", line 1008, in render
    return self.environment.handle_exception(exc_info, True)
  File "/opt/workspace/flask_blog/env/lib/python2.7/site-packages/jinja2/environment.py", line 780, in handle_exception
    reraise(exc_type, exc_value, tb)
  File "/opt/workspace/flask_blog/flaskblog/blog/templates/404.html", line 1, in top-level template code
    {% extends "base.html" %}
TemplateNotFound: base.html
127.0.0.1 - - [06/Mar/2018 14:18:52] "GET /blog/static/style.css?__debugger__=yes&cmd=resource&f=style.css HTTP/1.0" 200 -
127.0.0.1 - - [06/Mar/2018 14:18:52] "GET /blog/static/style.css?__debugger__=yes&cmd=resource&f=jquery.js HTTP/1.0" 200 -
127.0.0.1 - - [06/Mar/2018 14:18:52] "GET /blog/static/style.css?__debugger__=yes&cmd=resource&f=debugger.js HTTP/1.0" 200 -
127.0.0.1 - - [06/Mar/2018 14:18:53] "GET /blog/static/style.css?__debugger__=yes&cmd=resource&f=ubuntu.ttf HTTP/1.0" 200 -
127.0.0.1 - - [06/Mar/2018 14:18:53] "GET /blog/static/style.css?__debugger__=yes&cmd=resource&f=console.png HTTP/1.0" 200 -
127.0.0.1 - - [06/Mar/2018 14:18:53] "GET /blog/static/style.css?__debugger__=yes&cmd=resource&f=console.png HTTP/1.0" 200 -
127.0.0.1 - - [06/Mar/2018 14:19:53] "GET /blog/index HTTP/1.0" 200 -
127.0.0.1 - - [06/Mar/2018 14:19:53] "GET /blog/static/favicon.ico HTTP/1.0" 200 -
127.0.0.1 - - [06/Mar/2018 14:19:55] "GET /blog/index HTTP/1.0" 200 -
127.0.0.1 - - [06/Mar/2018 14:19:55] "GET /blog/static/favicon.ico HTTP/1.0" 200 -
127.0.0.1 - - [06/Mar/2018 14:19:56] "GET /blog/index HTTP/1.0" 200 -
127.0.0.1 - - [06/Mar/2018 14:19:57] "GET /blog/static/favicon.ico HTTP/1.0" 200 -
127.0.0.1 - - [06/Mar/2018 14:19:58] "GET /blog/index HTTP/1.0" 200 -
127.0.0.1 - - [06/Mar/2018 14:19:58] "GET /blog/static/favicon.ico HTTP/1.0" 200 -
127.0.0.1 - - [06/Mar/2018 14:23:42] "GET / HTTP/1.0" 302 -
127.0.0.1 - - [06/Mar/2018 14:23:42] "GET /blog/index HTTP/1.0" 200 -
127.0.0.1 - - [06/Mar/2018 14:23:43] "GET /blog/static/css/font-awesome.min.css HTTP/1.0" 200 -
127.0.0.1 - - [06/Mar/2018 14:23:43] "GET /blog/static/css/style.css HTTP/1.0" 200 -
127.0.0.1 - - [06/Mar/2018 14:23:43] "GET /blog/static/css/highlight/monokai-sublime.css HTTP/1.0" 200 -
127.0.0.1 - - [06/Mar/2018 14:23:43] "GET /blog/static/favicon.ico HTTP/1.0" 304 -
127.0.0.1 - - [06/Mar/2018 14:23:43] "GET /blog/static/js/init.js HTTP/1.0" 200 -
127.0.0.1 - - [06/Mar/2018 14:23:43] "GET /admin/static/image/emoji/laughing.png HTTP/1.0" 200 -
127.0.0.1 - - [06/Mar/2018 14:23:43] "GET /blog/static/js/lazysizes.min.js HTTP/1.0" 304 -
127.0.0.1 - - [06/Mar/2018 14:23:43] "GET /admin/static/image/emoji/smile.png HTTP/1.0" 200 -
127.0.0.1 - - [06/Mar/2018 14:23:43] "GET /blog/static/js/highlight.pack.js HTTP/1.0" 304 -
127.0.0.1 - - [06/Mar/2018 14:23:43] "GET /blog/static/fonts/fontawesome-webfont.woff2?v=4.7.0 HTTP/1.0" 200 -
127.0.0.1 - - [06/Mar/2018 14:23:43] "GET /blog/static/cubes.png HTTP/1.0" 200 -
127.0.0.1 - - [06/Mar/2018 14:24:03] "GET /blog/post/2f4329c8-fb02-4748-852a-e6d062a8e9c4 HTTP/1.0" 200 -
127.0.0.1 - - [06/Mar/2018 14:24:03] "GET /blog/static/css/simditor.css HTTP/1.0" 200 -
127.0.0.1 - - [06/Mar/2018 14:24:03] "GET /blog/static/js/module.js HTTP/1.0" 200 -
127.0.0.1 - - [06/Mar/2018 14:24:03] "GET /blog/static/js/simditor.js HTTP/1.0" 200 -
127.0.0.1 - - [06/Mar/2018 14:24:03] "GET /blog/static/js/uploader.js HTTP/1.0" 200 -
127.0.0.1 - - [06/Mar/2018 14:24:03] "GET /blog/static/js/hotkeys.js HTTP/1.0" 200 -
127.0.0.1 - - [06/Mar/2018 14:25:26] "GET /blog/post/2f4329c8-fb02-4748-852a-e6d062a8e9c4 HTTP/1.0" 200 -
127.0.0.1 - - [06/Mar/2018 14:25:28] "GET /blog/index HTTP/1.0" 200 -
127.0.0.1 - - [06/Mar/2018 14:25:30] "GET /blog/index HTTP/1.0" 200 -
127.0.0.1 - - [06/Mar/2018 14:25:34] "GET /blog/index HTTP/1.0" 200 -
127.0.0.1 - - [06/Mar/2018 14:25:37] "GET /blog/index HTTP/1.0" 200 -
127.0.0.1 - - [06/Mar/2018 14:25:37] "GET /blog/static/favicon.ico HTTP/1.0" 200 -
127.0.0.1 - - [06/Mar/2018 14:25:40] "GET /favicon.ico HTTP/1.0" 404 -
127.0.0.1 - - [06/Mar/2018 14:25:52] "GET /blog/static/css/style.css HTTP/1.0" 200 -
127.0.0.1 - - [06/Mar/2018 14:25:52] "GET /favicon.ico HTTP/1.0" 404 -
127.0.0.1 - - [06/Mar/2018 14:25:57] "GET /blog/index HTTP/1.0" 200 -
127.0.0.1 - - [06/Mar/2018 14:26:10] "GET /blog/index HTTP/1.0" 200 -
127.0.0.1 - - [06/Mar/2018 14:26:12] "GET /blog/index HTTP/1.0" 200 -
127.0.0.1 - - [06/Mar/2018 14:26:22] "GET /blog/index HTTP/1.0" 200 -
127.0.0.1 - - [06/Mar/2018 14:26:22] "GET /blog/static/favicon.ico HTTP/1.0" 200 -
127.0.0.1 - - [06/Mar/2018 14:26:30] "GET / HTTP/1.0" 302 -
127.0.0.1 - - [06/Mar/2018 14:26:30] "GET /blog/index HTTP/1.0" 200 -
127.0.0.1 - - [06/Mar/2018 14:27:01] "GET / HTTP/1.0" 302 -
127.0.0.1 - - [06/Mar/2018 14:27:02] "GET /blog/index HTTP/1.0" 200 -
127.0.0.1 - - [06/Mar/2018 14:27:02] "GET /blog/static/css/font-awesome.min.css HTTP/1.0" 200 -
127.0.0.1 - - [06/Mar/2018 14:27:02] "GET /blog/static/css/style.css HTTP/1.0" 200 -
127.0.0.1 - - [06/Mar/2018 14:27:02] "GET /blog/static/css/highlight/monokai-sublime.css HTTP/1.0" 200 -
127.0.0.1 - - [06/Mar/2018 14:27:03] "GET /blog/static/js/init.js HTTP/1.0" 200 -
127.0.0.1 - - [06/Mar/2018 14:27:03] "GET /blog/static/js/lazysizes.min.js HTTP/1.0" 200 -
127.0.0.1 - - [06/Mar/2018 14:27:03] "GET /blog/static/js/highlight.pack.js HTTP/1.0" 200 -
127.0.0.1 - - [06/Mar/2018 14:27:03] "GET /blog/static/fonts/fontawesome-webfont.woff2?v=4.7.0 HTTP/1.0" 200 -
127.0.0.1 - - [06/Mar/2018 14:27:03] "GET /blog/static/favicon.ico HTTP/1.0" 200 -
127.0.0.1 - - [06/Mar/2018 14:27:03] "GET /admin/static/image/emoji/smile.png HTTP/1.0" 200 -
127.0.0.1 - - [06/Mar/2018 14:27:03] "GET /admin/static/image/emoji/laughing.png HTTP/1.0" 200 -
127.0.0.1 - - [06/Mar/2018 14:27:03] "GET /blog/static/cubes.png HTTP/1.0" 200 -
127.0.0.1 - - [06/Mar/2018 14:27:07] "GET / HTTP/1.0" 302 -
127.0.0.1 - - [06/Mar/2018 14:27:11] "GET /blog/post/2f4329c8-fb02-4748-852a-e6d062a8e9c4 HTTP/1.0" 200 -
127.0.0.1 - - [06/Mar/2018 14:27:12] "GET /blog/static/css/simditor.css HTTP/1.0" 200 -
127.0.0.1 - - [06/Mar/2018 14:27:12] "GET /blog/static/js/module.js HTTP/1.0" 200 -
127.0.0.1 - - [06/Mar/2018 14:27:12] "GET /blog/static/js/hotkeys.js HTTP/1.0" 200 -
127.0.0.1 - - [06/Mar/2018 14:27:12] "GET /blog/static/js/uploader.js HTTP/1.0" 200 -
127.0.0.1 - - [06/Mar/2018 14:27:12] "GET /blog/static/js/simditor.js HTTP/1.0" 200 -
127.0.0.1 - - [06/Mar/2018 14:28:27] "GET /blog/index HTTP/1.0" 200 -
127.0.0.1 - - [06/Mar/2018 14:28:27] "GET /blog/static/css/font-awesome.min.css HTTP/1.0" 200 -
127.0.0.1 - - [06/Mar/2018 14:28:27] "GET /blog/static/css/style.css HTTP/1.0" 200 -
127.0.0.1 - - [06/Mar/2018 14:28:27] "GET /blog/static/css/highlight/monokai-sublime.css HTTP/1.0" 200 -
127.0.0.1 - - [06/Mar/2018 14:28:28] "GET /blog/static/js/lazysizes.min.js HTTP/1.0" 200 -
127.0.0.1 - - [06/Mar/2018 14:28:28] "GET /blog/static/js/init.js HTTP/1.0" 200 -
127.0.0.1 - - [06/Mar/2018 14:28:28] "GET /blog/static/js/highlight.pack.js HTTP/1.0" 200 -
127.0.0.1 - - [06/Mar/2018 14:28:28] "GET /blog/static/fonts/fontawesome-webfont.woff2?v=4.7.0 HTTP/1.0" 200 -
127.0.0.1 - - [06/Mar/2018 14:28:28] "GET /blog/static/favicon.ico HTTP/1.0" 200 -
127.0.0.1 - - [06/Mar/2018 14:28:28] "GET /admin/static/image/emoji/smile.png HTTP/1.0" 200 -
127.0.0.1 - - [06/Mar/2018 14:28:28] "GET /blog/static/cubes.png HTTP/1.0" 200 -
127.0.0.1 - - [06/Mar/2018 14:28:28] "GET /admin/static/image/emoji/laughing.png HTTP/1.0" 200 -
127.0.0.1 - - [06/Mar/2018 14:28:28] "GET /blog/static/favicon.ico HTTP/1.0" 200 -
127.0.0.1 - - [06/Mar/2018 14:28:57] "GET /blog/index HTTP/1.0" 200 -
127.0.0.1 - - [06/Mar/2018 14:28:57] "GET /blog/static/css/font-awesome.min.css HTTP/1.0" 200 -
127.0.0.1 - - [06/Mar/2018 14:28:57] "GET /blog/static/css/highlight/monokai-sublime.css HTTP/1.0" 200 -
127.0.0.1 - - [06/Mar/2018 14:28:57] "GET /blog/static/css/style.css HTTP/1.0" 200 -
127.0.0.1 - - [06/Mar/2018 14:28:57] "GET /blog/static/js/init.js HTTP/1.0" 200 -
127.0.0.1 - - [06/Mar/2018 14:28:57] "GET /blog/static/favicon.ico HTTP/1.0" 200 -
127.0.0.1 - - [06/Mar/2018 14:28:57] "GET /blog/static/js/lazysizes.min.js HTTP/1.0" 200 -
127.0.0.1 - - [06/Mar/2018 14:28:57] "GET /admin/static/image/emoji/laughing.png HTTP/1.0" 200 -
127.0.0.1 - - [06/Mar/2018 14:28:57] "GET /blog/static/js/highlight.pack.js HTTP/1.0" 200 -
127.0.0.1 - - [06/Mar/2018 14:28:57] "GET /admin/static/image/emoji/smile.png HTTP/1.0" 200 -
127.0.0.1 - - [06/Mar/2018 14:28:57] "GET /blog/static/fonts/fontawesome-webfont.woff2?v=4.7.0 HTTP/1.0" 200 -
127.0.0.1 - - [06/Mar/2018 14:28:57] "GET /blog/static/cubes.png HTTP/1.0" 200 -
127.0.0.1 - - [06/Mar/2018 14:28:58] "GET /blog/static/favicon.ico HTTP/1.0" 200 -
127.0.0.1 - - [06/Mar/2018 14:29:04] "GET /blog/tag/Windows HTTP/1.0" 200 -
127.0.0.1 - - [06/Mar/2018 14:29:07] "GET /blog/index HTTP/1.0" 200 -
127.0.0.1 - - [06/Mar/2018 14:29:12] "GET /blog/post/2f4329c8-fb02-4748-852a-e6d062a8e9c4 HTTP/1.0" 200 -
127.0.0.1 - - [06/Mar/2018 14:29:16] "GET /blog/post/2f4329c8-fb02-4748-852a-e6d062a8e9c4 HTTP/1.0" 200 -
127.0.0.1 - - [06/Mar/2018 14:29:16] "GET /blog/static/favicon.ico HTTP/1.0" 200 -
127.0.0.1 - - [06/Mar/2018 14:29:18] "GET /blog/index HTTP/1.0" 200 -
127.0.0.1 - - [06/Mar/2018 14:29:21] "GET /blog/post/2f4329c8-fb02-4748-852a-e6d062a8e9c4 HTTP/1.0" 200 -
127.0.0.1 - - [06/Mar/2018 14:46:02] "GET /blog/post/2f4329c8-fb02-4748-852a-e6d062a8e9c4 HTTP/1.0" 200 -
127.0.0.1 - - [06/Mar/2018 14:46:02] "GET /blog/static/css/font-awesome.min.css HTTP/1.0" 200 -
127.0.0.1 - - [06/Mar/2018 14:46:02] "GET /blog/static/css/style.css HTTP/1.0" 200 -
127.0.0.1 - - [06/Mar/2018 14:46:02] "GET /blog/static/css/highlight/monokai-sublime.css HTTP/1.0" 200 -
127.0.0.1 - - [06/Mar/2018 14:46:02] "GET /blog/static/css/simditor.css HTTP/1.0" 200 -
127.0.0.1 - - [06/Mar/2018 14:46:02] "GET /blog/static/js/init.js HTTP/1.0" 200 -
127.0.0.1 - - [06/Mar/2018 14:46:02] "GET /blog/static/js/lazysizes.min.js HTTP/1.0" 200 -
127.0.0.1 - - [06/Mar/2018 14:46:02] "GET /blog/static/js/highlight.pack.js HTTP/1.0" 200 -
127.0.0.1 - - [06/Mar/2018 14:46:02] "GET /blog/static/js/module.js HTTP/1.0" 200 -
127.0.0.1 - - [06/Mar/2018 14:46:03] "GET /blog/static/fonts/fontawesome-webfont.woff2?v=4.7.0 HTTP/1.0" 200 -
127.0.0.1 - - [06/Mar/2018 14:46:03] "GET /blog/static/cubes.png HTTP/1.0" 200 -
127.0.0.1 - - [06/Mar/2018 14:46:03] "GET /blog/static/favicon.ico HTTP/1.0" 200 -
127.0.0.1 - - [06/Mar/2018 14:46:03] "GET /blog/static/js/hotkeys.js HTTP/1.0" 200 -
127.0.0.1 - - [06/Mar/2018 14:46:03] "GET /blog/static/js/uploader.js HTTP/1.0" 200 -
127.0.0.1 - - [06/Mar/2018 14:46:03] "GET /blog/static/js/simditor.js HTTP/1.0" 200 -
127.0.0.1 - - [06/Mar/2018 14:46:03] "GET /blog/static/favicon.ico HTTP/1.0" 200 -
127.0.0.1 - - [06/Mar/2018 14:46:09] "GET /blog/post/2f4329c8-fb02-4748-852a-e6d062a8e9c4 HTTP/1.0" 200 -
127.0.0.1 - - [06/Mar/2018 14:46:09] "GET /blog/static/css/style.css HTTP/1.0" 200 -
127.0.0.1 - - [06/Mar/2018 14:46:09] "GET /blog/static/css/highlight/monokai-sublime.css HTTP/1.0" 200 -
127.0.0.1 - - [06/Mar/2018 14:46:09] "GET /blog/static/css/font-awesome.min.css HTTP/1.0" 200 -
127.0.0.1 - - [06/Mar/2018 14:46:09] "GET /blog/static/css/simditor.css HTTP/1.0" 200 -
127.0.0.1 - - [06/Mar/2018 14:46:09] "GET /blog/static/js/highlight.pack.js HTTP/1.0" 200 -
127.0.0.1 - - [06/Mar/2018 14:46:09] "GET /blog/static/js/module.js HTTP/1.0" 200 -
127.0.0.1 - - [06/Mar/2018 14:46:09] "GET /blog/static/js/init.js HTTP/1.0" 200 -
127.0.0.1 - - [06/Mar/2018 14:46:09] "GET /blog/static/js/lazysizes.min.js HTTP/1.0" 200 -
127.0.0.1 - - [06/Mar/2018 14:46:09] "GET /blog/static/js/hotkeys.js HTTP/1.0" 200 -
127.0.0.1 - - [06/Mar/2018 14:46:09] "GET /blog/static/js/uploader.js HTTP/1.0" 200 -
127.0.0.1 - - [06/Mar/2018 14:46:09] "GET /blog/static/fonts/fontawesome-webfont.woff2?v=4.7.0 HTTP/1.0" 200 -
127.0.0.1 - - [06/Mar/2018 14:46:09] "GET /blog/static/cubes.png HTTP/1.0" 200 -
127.0.0.1 - - [06/Mar/2018 14:46:09] "GET /blog/static/favicon.ico HTTP/1.0" 200 -
127.0.0.1 - - [06/Mar/2018 14:46:09] "GET /blog/static/js/simditor.js HTTP/1.0" 200 -
127.0.0.1 - - [06/Mar/2018 14:46:10] "GET /blog/static/favicon.ico HTTP/1.0" 200 -
127.0.0.1 - - [06/Mar/2018 14:46:11] "GET /blog/index HTTP/1.0" 200 -
127.0.0.1 - - [06/Mar/2018 14:46:14] "GET /blog/post/2f4329c8-fb02-4748-852a-e6d062a8e9c4 HTTP/1.0" 200 -
127.0.0.1 - - [06/Mar/2018 15:01:02] "GET / HTTP/1.0" 302 -
127.0.0.1 - - [06/Mar/2018 15:01:02] "GET /blog/index HTTP/1.0" 200 -
127.0.0.1 - - [06/Mar/2018 15:01:08] "GET /blog/post/2f4329c8-fb02-4748-852a-e6d062a8e9c4 HTTP/1.0" 200 -
127.0.0.1 - - [06/Mar/2018 17:06:36] "GET /robots.txt HTTP/1.0" 404 -
127.0.0.1 - - [06/Mar/2018 17:06:37] "GET /blog/tag/Mac_OS HTTP/1.0" 500 -
Traceback (most recent call last):
  File "/opt/workspace/flask_blog/env/lib/python2.7/site-packages/flask/app.py", line 1997, in __call__
    return self.wsgi_app(environ, start_response)
  File "/opt/workspace/flask_blog/env/lib/python2.7/site-packages/flask/app.py", line 1985, in wsgi_app
    response = self.handle_exception(e)
  File "/opt/workspace/flask_blog/env/lib/python2.7/site-packages/flask/app.py", line 1540, in handle_exception
    reraise(exc_type, exc_value, tb)
  File "/opt/workspace/flask_blog/env/lib/python2.7/site-packages/flask/app.py", line 1982, in wsgi_app
    response = self.full_dispatch_request()
  File "/opt/workspace/flask_blog/env/lib/python2.7/site-packages/flask/app.py", line 1614, in full_dispatch_request
    rv = self.handle_user_exception(e)
  File "/opt/workspace/flask_blog/env/lib/python2.7/site-packages/flask/app.py", line 1512, in handle_user_exception
    return self.handle_http_exception(e)
  File "/opt/workspace/flask_blog/env/lib/python2.7/site-packages/flask/app.py", line 1471, in handle_http_exception
    return handler(e)
  File "/opt/workspace/flask_blog/flaskblog/blog/blog.py", line 176, in page_not_found
    return render_template('blog.404.html'),404
  File "/opt/workspace/flask_blog/env/lib/python2.7/site-packages/flask/templating.py", line 134, in render_template
    context, ctx.app)
  File "/opt/workspace/flask_blog/env/lib/python2.7/site-packages/flask/templating.py", line 116, in _render
    rv = template.render(context)
  File "/opt/workspace/flask_blog/env/lib/python2.7/site-packages/jinja2/environment.py", line 1008, in render
    return self.environment.handle_exception(exc_info, True)
  File "/opt/workspace/flask_blog/env/lib/python2.7/site-packages/jinja2/environment.py", line 780, in handle_exception
    reraise(exc_type, exc_value, tb)
  File "/opt/workspace/flask_blog/flaskblog/blog/templates/404.html", line 1, in top-level template code
    {% extends "base.html" %}
TemplateNotFound: base.html
127.0.0.1 - - [06/Mar/2018 17:06:47] "GET /blog/tag/base.html HTTP/1.0" 500 -
Traceback (most recent call last):
  File "/opt/workspace/flask_blog/env/lib/python2.7/site-packages/flask/app.py", line 1997, in __call__
    return self.wsgi_app(environ, start_response)
  File "/opt/workspace/flask_blog/env/lib/python2.7/site-packages/flask/app.py", line 1985, in wsgi_app
    response = self.handle_exception(e)
  File "/opt/workspace/flask_blog/env/lib/python2.7/site-packages/flask/app.py", line 1540, in handle_exception
    reraise(exc_type, exc_value, tb)
  File "/opt/workspace/flask_blog/env/lib/python2.7/site-packages/flask/app.py", line 1982, in wsgi_app
    response = self.full_dispatch_request()
  File "/opt/workspace/flask_blog/env/lib/python2.7/site-packages/flask/app.py", line 1614, in full_dispatch_request
    rv = self.handle_user_exception(e)
  File "/opt/workspace/flask_blog/env/lib/python2.7/site-packages/flask/app.py", line 1512, in handle_user_exception
    return self.handle_http_exception(e)
  File "/opt/workspace/flask_blog/env/lib/python2.7/site-packages/flask/app.py", line 1471, in handle_http_exception
    return handler(e)
  File "/opt/workspace/flask_blog/flaskblog/blog/blog.py", line 176, in page_not_found
    return render_template('blog.404.html'),404
  File "/opt/workspace/flask_blog/env/lib/python2.7/site-packages/flask/templating.py", line 134, in render_template
    context, ctx.app)
  File "/opt/workspace/flask_blog/env/lib/python2.7/site-packages/flask/templating.py", line 116, in _render
    rv = template.render(context)
  File "/opt/workspace/flask_blog/env/lib/python2.7/site-packages/jinja2/environment.py", line 1008, in render
    return self.environment.handle_exception(exc_info, True)
  File "/opt/workspace/flask_blog/env/lib/python2.7/site-packages/jinja2/environment.py", line 780, in handle_exception
    reraise(exc_type, exc_value, tb)
  File "/opt/workspace/flask_blog/flaskblog/blog/templates/404.html", line 1, in top-level template code
    {% extends "base.html" %}
TemplateNotFound: base.html
127.0.0.1 - - [06/Mar/2018 17:06:58] "GET /blog/tag/Nodejs HTTP/1.0" 500 -
Traceback (most recent call last):
  File "/opt/workspace/flask_blog/env/lib/python2.7/site-packages/flask/app.py", line 1997, in __call__
    return self.wsgi_app(environ, start_response)
  File "/opt/workspace/flask_blog/env/lib/python2.7/site-packages/flask/app.py", line 1985, in wsgi_app
    response = self.handle_exception(e)
  File "/opt/workspace/flask_blog/env/lib/python2.7/site-packages/flask/app.py", line 1540, in handle_exception
    reraise(exc_type, exc_value, tb)
  File "/opt/workspace/flask_blog/env/lib/python2.7/site-packages/flask/app.py", line 1982, in wsgi_app
    response = self.full_dispatch_request()
  File "/opt/workspace/flask_blog/env/lib/python2.7/site-packages/flask/app.py", line 1614, in full_dispatch_request
    rv = self.handle_user_exception(e)
  File "/opt/workspace/flask_blog/env/lib/python2.7/site-packages/flask/app.py", line 1512, in handle_user_exception
    return self.handle_http_exception(e)
  File "/opt/workspace/flask_blog/env/lib/python2.7/site-packages/flask/app.py", line 1471, in handle_http_exception
    return handler(e)
  File "/opt/workspace/flask_blog/flaskblog/blog/blog.py", line 176, in page_not_found
    return render_template('blog.404.html'),404
  File "/opt/workspace/flask_blog/env/lib/python2.7/site-packages/flask/templating.py", line 134, in render_template
    context, ctx.app)
  File "/opt/workspace/flask_blog/env/lib/python2.7/site-packages/flask/templating.py", line 116, in _render
    rv = template.render(context)
  File "/opt/workspace/flask_blog/env/lib/python2.7/site-packages/jinja2/environment.py", line 1008, in render
    return self.environment.handle_exception(exc_info, True)
  File "/opt/workspace/flask_blog/env/lib/python2.7/site-packages/jinja2/environment.py", line 780, in handle_exception
    reraise(exc_type, exc_value, tb)
  File "/opt/workspace/flask_blog/flaskblog/blog/templates/404.html", line 1, in top-level template code
    {% extends "base.html" %}
TemplateNotFound: base.html
127.0.0.1 - - [06/Mar/2018 17:07:08] "GET /blog/tag/Android HTTP/1.0" 500 -
Traceback (most recent call last):
  File "/opt/workspace/flask_blog/env/lib/python2.7/site-packages/flask/app.py", line 1997, in __call__
    return self.wsgi_app(environ, start_response)
  File "/opt/workspace/flask_blog/env/lib/python2.7/site-packages/flask/app.py", line 1985, in wsgi_app
    response = self.handle_exception(e)
  File "/opt/workspace/flask_blog/env/lib/python2.7/site-packages/flask/app.py", line 1540, in handle_exception
    reraise(exc_type, exc_value, tb)
  File "/opt/workspace/flask_blog/env/lib/python2.7/site-packages/flask/app.py", line 1982, in wsgi_app
    response = self.full_dispatch_request()
  File "/opt/workspace/flask_blog/env/lib/python2.7/site-packages/flask/app.py", line 1614, in full_dispatch_request
    rv = self.handle_user_exception(e)
  File "/opt/workspace/flask_blog/env/lib/python2.7/site-packages/flask/app.py", line 1512, in handle_user_exception
    return self.handle_http_exception(e)
  File "/opt/workspace/flask_blog/env/lib/python2.7/site-packages/flask/app.py", line 1471, in handle_http_exception
    return handler(e)
  File "/opt/workspace/flask_blog/flaskblog/blog/blog.py", line 176, in page_not_found
    return render_template('blog.404.html'),404
  File "/opt/workspace/flask_blog/env/lib/python2.7/site-packages/flask/templating.py", line 134, in render_template
    context, ctx.app)
  File "/opt/workspace/flask_blog/env/lib/python2.7/site-packages/flask/templating.py", line 116, in _render
    rv = template.render(context)
  File "/opt/workspace/flask_blog/env/lib/python2.7/site-packages/jinja2/environment.py", line 1008, in render
    return self.environment.handle_exception(exc_info, True)
  File "/opt/workspace/flask_blog/env/lib/python2.7/site-packages/jinja2/environment.py", line 780, in handle_exception
    reraise(exc_type, exc_value, tb)
  File "/opt/workspace/flask_blog/flaskblog/blog/templates/404.html", line 1, in top-level template code
    {% extends "base.html" %}
TemplateNotFound: base.html
127.0.0.1 - - [06/Mar/2018 17:07:19] "GET /blog/post/base.html HTTP/1.0" 500 -
Traceback (most recent call last):
  File "/opt/workspace/flask_blog/env/lib/python2.7/site-packages/flask/app.py", line 1997, in __call__
    return self.wsgi_app(environ, start_response)
  File "/opt/workspace/flask_blog/env/lib/python2.7/site-packages/flask/app.py", line 1985, in wsgi_app
    response = self.handle_exception(e)
  File "/opt/workspace/flask_blog/env/lib/python2.7/site-packages/flask/app.py", line 1540, in handle_exception
    reraise(exc_type, exc_value, tb)
  File "/opt/workspace/flask_blog/env/lib/python2.7/site-packages/flask/app.py", line 1982, in wsgi_app
    response = self.full_dispatch_request()
  File "/opt/workspace/flask_blog/env/lib/python2.7/site-packages/flask/app.py", line 1614, in full_dispatch_request
    rv = self.handle_user_exception(e)
  File "/opt/workspace/flask_blog/env/lib/python2.7/site-packages/flask/app.py", line 1512, in handle_user_exception
    return self.handle_http_exception(e)
  File "/opt/workspace/flask_blog/env/lib/python2.7/site-packages/flask/app.py", line 1471, in handle_http_exception
    return handler(e)
  File "/opt/workspace/flask_blog/flaskblog/blog/blog.py", line 176, in page_not_found
    return render_template('blog.404.html'),404
  File "/opt/workspace/flask_blog/env/lib/python2.7/site-packages/flask/templating.py", line 134, in render_template
    context, ctx.app)
  File "/opt/workspace/flask_blog/env/lib/python2.7/site-packages/flask/templating.py", line 116, in _render
    rv = template.render(context)
  File "/opt/workspace/flask_blog/env/lib/python2.7/site-packages/jinja2/environment.py", line 1008, in render
    return self.environment.handle_exception(exc_info, True)
  File "/opt/workspace/flask_blog/env/lib/python2.7/site-packages/jinja2/environment.py", line 780, in handle_exception
    reraise(exc_type, exc_value, tb)
  File "/opt/workspace/flask_blog/flaskblog/blog/templates/404.html", line 1, in top-level template code
    {% extends "base.html" %}
TemplateNotFound: base.html
127.0.0.1 - - [06/Mar/2018 17:07:29] "GET /blog/tag/login.html HTTP/1.0" 500 -
Traceback (most recent call last):
  File "/opt/workspace/flask_blog/env/lib/python2.7/site-packages/flask/app.py", line 1997, in __call__
    return self.wsgi_app(environ, start_response)
  File "/opt/workspace/flask_blog/env/lib/python2.7/site-packages/flask/app.py", line 1985, in wsgi_app
    response = self.handle_exception(e)
  File "/opt/workspace/flask_blog/env/lib/python2.7/site-packages/flask/app.py", line 1540, in handle_exception
    reraise(exc_type, exc_value, tb)
  File "/opt/workspace/flask_blog/env/lib/python2.7/site-packages/flask/app.py", line 1982, in wsgi_app
    response = self.full_dispatch_request()
  File "/opt/workspace/flask_blog/env/lib/python2.7/site-packages/flask/app.py", line 1614, in full_dispatch_request
    rv = self.handle_user_exception(e)
  File "/opt/workspace/flask_blog/env/lib/python2.7/site-packages/flask/app.py", line 1512, in handle_user_exception
    return self.handle_http_exception(e)
  File "/opt/workspace/flask_blog/env/lib/python2.7/site-packages/flask/app.py", line 1471, in handle_http_exception
    return handler(e)
  File "/opt/workspace/flask_blog/flaskblog/blog/blog.py", line 176, in page_not_found
    return render_template('blog.404.html'),404
  File "/opt/workspace/flask_blog/env/lib/python2.7/site-packages/flask/templating.py", line 134, in render_template
    context, ctx.app)
  File "/opt/workspace/flask_blog/env/lib/python2.7/site-packages/flask/templating.py", line 116, in _render
    rv = template.render(context)
  File "/opt/workspace/flask_blog/env/lib/python2.7/site-packages/jinja2/environment.py", line 1008, in render
    return self.environment.handle_exception(exc_info, True)
  File "/opt/workspace/flask_blog/env/lib/python2.7/site-packages/jinja2/environment.py", line 780, in handle_exception
    reraise(exc_type, exc_value, tb)
  File "/opt/workspace/flask_blog/flaskblog/blog/templates/404.html", line 1, in top-level template code
    {% extends "base.html" %}
TemplateNotFound: base.html
127.0.0.1 - - [06/Mar/2018 17:07:58] "GET /blog/post/login.html HTTP/1.0" 500 -
Traceback (most recent call last):
  File "/opt/workspace/flask_blog/env/lib/python2.7/site-packages/flask/app.py", line 1997, in __call__
    return self.wsgi_app(environ, start_response)
  File "/opt/workspace/flask_blog/env/lib/python2.7/site-packages/flask/app.py", line 1985, in wsgi_app
    response = self.handle_exception(e)
  File "/opt/workspace/flask_blog/env/lib/python2.7/site-packages/flask/app.py", line 1540, in handle_exception
    reraise(exc_type, exc_value, tb)
  File "/opt/workspace/flask_blog/env/lib/python2.7/site-packages/flask/app.py", line 1982, in wsgi_app
    response = self.full_dispatch_request()
  File "/opt/workspace/flask_blog/env/lib/python2.7/site-packages/flask/app.py", line 1614, in full_dispatch_request
    rv = self.handle_user_exception(e)
  File "/opt/workspace/flask_blog/env/lib/python2.7/site-packages/flask/app.py", line 1512, in handle_user_exception
    return self.handle_http_exception(e)
  File "/opt/workspace/flask_blog/env/lib/python2.7/site-packages/flask/app.py", line 1471, in handle_http_exception
    return handler(e)
  File "/opt/workspace/flask_blog/flaskblog/blog/blog.py", line 176, in page_not_found
    return render_template('blog.404.html'),404
  File "/opt/workspace/flask_blog/env/lib/python2.7/site-packages/flask/templating.py", line 134, in render_template
    context, ctx.app)
  File "/opt/workspace/flask_blog/env/lib/python2.7/site-packages/flask/templating.py", line 116, in _render
    rv = template.render(context)
  File "/opt/workspace/flask_blog/env/lib/python2.7/site-packages/jinja2/environment.py", line 1008, in render
    return self.environment.handle_exception(exc_info, True)
  File "/opt/workspace/flask_blog/env/lib/python2.7/site-packages/jinja2/environment.py", line 780, in handle_exception
    reraise(exc_type, exc_value, tb)
  File "/opt/workspace/flask_blog/flaskblog/blog/templates/404.html", line 1, in top-level template code
    {% extends "base.html" %}
TemplateNotFound: base.html
127.0.0.1 - - [06/Mar/2018 17:21:07] "GET /a2billing/common/javascript/misc.js HTTP/1.0" 404 -
